<?xml version="1.0" encoding="UTF-8"?>
<!-- Generated by org.testng.reporters.JUnitXMLReporter -->
<testsuite hostname="DESKTOP-FDOBOJL" ignored="0"
	name="Automation Test Report" tests="1" failures="1"
	timestamp="05 Jul 2019 09:20:44 GMT" time="50.242" errors="0">
	<testcase name="feature" time="49.868"
		classname="com.testautomation.testrunner.TestRunner">
		<failure type="org.openqa.selenium.NoSuchSessionException"
			message="Session ID is null. Using WebDriver after calling quit()?
Build info: version: &amp;apos;3.141.59&amp;apos;, revision: &amp;apos;e82be7d358&amp;apos;, time: &amp;apos;2018-11-14T08:17:03&amp;apos;
System info: host: &amp;apos;DESKTOP-FDOBOJL&amp;apos;, ip: &amp;apos;9.195.200.174&amp;apos;, os.name: &amp;apos;Windows 10&amp;apos;, os.arch: &amp;apos;amd64&amp;apos;, os.version: &amp;apos;10.0&amp;apos;, java.version: &amp;apos;1.8.0_201&amp;apos;
Driver info: driver.version: RemoteWebDriver">
      <![CDATA[org.openqa.selenium.NoSuchSessionException: Session ID is null. Using WebDriver after calling quit()?
Build info: version: '3.141.59', revision: 'e82be7d358', time: '2018-11-14T08:17:03'
System info: host: 'DESKTOP-FDOBOJL', ip: '9.195.200.174', os.name: 'Windows 10', os.arch: 'amd64', os.version: '10.0', java.version: '1.8.0_201'
Driver info: driver.version: RemoteWebDriver
at org.openqa.selenium.remote.HttpCommandExecutor.execute(HttpCommandExecutor.java:125)
at org.openqa.selenium.remote.service.DriverCommandExecutor.execute(DriverCommandExecutor.java:83)
at org.openqa.selenium.remote.RemoteWebDriver.execute(RemoteWebDriver.java:552)
at org.openqa.selenium.remote.RemoteWebDriver.execute(RemoteWebDriver.java:609)
at org.openqa.selenium.remote.RemoteWebDriver.getScreenshotAs(RemoteWebDriver.java:295)
at com.testautomation.listener.ExtentReportListener.captureScreenShot(ExtentReportListener.java:73)
at com.testautomation.listener.ExtentReportListener.testStepHandle(ExtentReportListener.java:49)
at com.testautomation.stepdef.EDDIApplicationStepDef.verifyLogDescription(EDDIApplicationStepDef.java:149)
at ✽.Verify Log Description(./Feature/EDDIApplication.feature:9)
]]>
		</failure>
	</testcase> <!-- feature -->
</testsuite> <!-- Automation Test Report -->
