<?xml version="1.0" encoding="UTF-8"?>
<testng-results skipped="0" failed="0" ignored="0"
	total="1" passed="1">
	<reporter-output>
	</reporter-output>
	<suite name="Automation Test Report" duration-ms="153168"
		started-at="2019-07-04T10:10:08Z" finished-at="2019-07-04T10:12:41Z">
		<groups>
		</groups>
		<test name="Automation Test Report" duration-ms="153168"
			started-at="2019-07-04T10:10:08Z" finished-at="2019-07-04T10:12:41Z">
			<class name="com.testautomation.testrunner.TestRunner">
				<test-method status="PASS"
					signature="setUpClass()[pri:0, instance:com.testautomation.testrunner.TestRunner@31610302]"
					name="setUpClass" is-config="true" duration-ms="109"
					started-at="2019-07-04T10:10:09Z"
					finished-at="2019-07-04T10:10:09Z">
					<reporter-output>
					</reporter-output>
				</test-method> <!-- setUpClass -->
				<test-method status="PASS"
					signature="feature(cucumber.api.testng.PickleEventWrapper, cucumber.api.testng.CucumberFeatureWrapper)[pri:0, instance:com.testautomation.testrunner.TestRunner@31610302]"
					name="feature" duration-ms="152814"
					started-at="2019-07-04T10:10:09Z" data-provider="features"
					finished-at="2019-07-04T10:12:41Z">
					<params>
						<param index="0">
							<value>
                <![CDATA["Verify Completion Date and Log Description"]]>
							</value>
						</param>
						<param index="1">
							<value>
                <![CDATA["EDDI Application Flow Check"]]>
							</value>
						</param>
					</params>
					<reporter-output>
					</reporter-output>
				</test-method> <!-- feature -->
				<test-method status="PASS"
					signature="tearDownClass()[pri:0, instance:com.testautomation.testrunner.TestRunner@31610302]"
					name="tearDownClass" is-config="true" duration-ms="16"
					started-at="2019-07-04T10:12:41Z"
					finished-at="2019-07-04T10:12:41Z">
					<reporter-output>
					</reporter-output>
				</test-method> <!-- tearDownClass -->
			</class> <!-- com.testautomation.testrunner.TestRunner -->
		</test> <!-- Automation Test Report -->
	</suite> <!-- Automation Test Report -->
</testng-results>
